app/build/intermediates/manifest_merge_blame_file/debug/manifest-merger-blame-debug-report.txt
1<?xml version="1.0" encoding="utf-8"?>
2<manifest xmlns:android="http://schemas.android.com/apk/res/android"
3    package="com.example.webviewapp"
4    android:versionCode="1"
5    android:versionName="1.0" >
6
7    <uses-sdk
8        android:minSdkVersion="26"
8-->src/main/AndroidManifest.xml
9        android:targetSdkVersion="30" />
9-->src/main/AndroidManifest.xml
10
11    <uses-permission android:name="android.permission.INTERNET" />
11-->src/main/AndroidManifest.xml:5:5-67
11-->src/main/AndroidManifest.xml:5:22-64
12
13    <application
13-->src/main/AndroidManifest.xml:7:5-31:19
14        android:allowBackup="true"
14-->src/main/AndroidManifest.xml:8:9-35
15        android:appComponentFactory="androidx.core.app.CoreComponentFactory"
15-->[androidx.core:core:1.5.0] AndroidManifest.xml:24:18-86
16        android:debuggable="true"
17        android:extractNativeLibs="false"
18        android:icon="@mipmap/ic_launcher"
18-->src/main/AndroidManifest.xml:9:9-43
19        android:label="@string/app_name"
19-->src/main/AndroidManifest.xml:10:9-41
20        android:networkSecurityConfig="@xml/network_security_config"
20-->src/main/AndroidManifest.xml:13:9-69
21        android:supportsRtl="true"
21-->src/main/AndroidManifest.xml:11:9-35
22        android:testOnly="true"
23        android:theme="@style/AppTheme" >
23-->src/main/AndroidManifest.xml:12:9-40
24
25        <!-- 删除或注释掉SplashActivity -->
26        <!--
27        <activity android:name=".SplashActivity">
28            <intent-filter>
29                <action android:name="android.intent.action.MAIN" />
30                <category android:name="android.intent.category.LAUNCHER" />
31            </intent-filter>
32        </activity>
33        -->
34
35
36        <!-- 将MainActivity设置为启动活动 -->
37        <activity android:name="com.example.webviewapp.MainActivity" >
37-->src/main/AndroidManifest.xml:25:9-30:20
37-->src/main/AndroidManifest.xml:25:19-47
38            <intent-filter>
38-->src/main/AndroidManifest.xml:26:13-29:29
39                <action android:name="android.intent.action.MAIN" />
39-->src/main/AndroidManifest.xml:27:17-69
39-->src/main/AndroidManifest.xml:27:25-66
40
41                <category android:name="android.intent.category.LAUNCHER" />
41-->src/main/AndroidManifest.xml:28:17-77
41-->src/main/AndroidManifest.xml:28:27-74
42            </intent-filter>
43        </activity>
44    </application>
45
46</manifest>